{"context":"NestFactory","level":"info","message":"Starting Nest application...","timestamp":"2026-06-18T21:25:34.340-06:00"}
{"context":"InstanceLoader","level":"info","message":"MongooseModule dependencies initialized","timestamp":"2026-06-18T21:25:34.340-06:00"}
{"context":"InstanceLoader","level":"info","message":"AppLoggerModule dependencies initialized","timestamp":"2026-06-18T21:25:34.340-06:00"}
{"context":"InstanceLoader","level":"info","message":"PrismaModule dependencies initialized","timestamp":"2026-06-18T21:25:34.341-06:00"}
{"context":"InstanceLoader","level":"info","message":"PassportModule dependencies initialized","timestamp":"2026-06-18T21:25:34.341-06:00"}
{"context":"InstanceLoader","level":"info","message":"WinstonModule dependencies initialized","timestamp":"2026-06-18T21:25:34.341-06:00"}
{"context":"InstanceLoader","level":"info","message":"JwtModule dependencies initialized","timestamp":"2026-06-18T21:25:34.341-06:00"}
{"context":"InstanceLoader","level":"info","message":"JwtModule dependencies initialized","timestamp":"2026-06-18T21:25:34.341-06:00"}
{"context":"InstanceLoader","level":"info","message":"AppModule dependencies initialized","timestamp":"2026-06-18T21:25:34.341-06:00"}
{"context":"InstanceLoader","level":"info","message":"AuthModule dependencies initialized","timestamp":"2026-06-18T21:25:34.341-06:00"}
{"context":"InstanceLoader","level":"info","message":"UsersModule dependencies initialized","timestamp":"2026-06-18T21:25:34.341-06:00"}
{"context":"InstanceLoader","level":"info","message":"ServicesModule dependencies initialized","timestamp":"2026-06-18T21:25:34.341-06:00"}
{"context":"InstanceLoader","level":"info","message":"CalificacionesModule dependencies initialized","timestamp":"2026-06-18T21:25:34.341-06:00"}
{"context":"InstanceLoader","level":"info","message":"FavoritesModule dependencies initialized","timestamp":"2026-06-18T21:25:34.341-06:00"}
{"context":"InstanceLoader","level":"info","message":"DashboardModule dependencies initialized","timestamp":"2026-06-18T21:25:34.341-06:00"}
{"context":"InstanceLoader","level":"info","message":"AddressesModule dependencies initialized","timestamp":"2026-06-18T21:25:34.341-06:00"}
{"context":"InstanceLoader","level":"info","message":"MongooseCoreModule dependencies initialized","timestamp":"2026-06-18T21:25:34.341-06:00"}
{"context":"InstanceLoader","level":"info","message":"MongooseModule dependencies initialized","timestamp":"2026-06-18T21:25:34.341-06:00"}
{"context":"InstanceLoader","level":"info","message":"MongooseModule dependencies initialized","timestamp":"2026-06-18T21:25:34.341-06:00"}
{"context":"InstanceLoader","level":"info","message":"MongooseModule dependencies initialized","timestamp":"2026-06-18T21:25:34.341-06:00"}
{"context":"InstanceLoader","level":"info","message":"NotificationsModule dependencies initialized","timestamp":"2026-06-18T21:25:34.341-06:00"}
{"context":"InstanceLoader","level":"info","message":"LogsModule dependencies initialized","timestamp":"2026-06-18T21:25:34.341-06:00"}
{"context":"InstanceLoader","level":"info","message":"ChatsModule dependencies initialized","timestamp":"2026-06-18T21:25:34.341-06:00"}
{"context":"InstanceLoader","level":"info","message":"SolicitudesModule dependencies initialized","timestamp":"2026-06-18T21:25:34.341-06:00"}
{"context":"InstanceLoader","level":"info","message":"PagosModule dependencies initialized","timestamp":"2026-06-18T21:25:34.342-06:00"}
{"context":"WebSocketsController","level":"info","message":"ChatsGateway subscribed to the \"joinRoom\" message","timestamp":"2026-06-18T21:25:34.342-06:00"}
{"context":"WebSocketsController","level":"info","message":"ChatsGateway subscribed to the \"sendMessage\" message","timestamp":"2026-06-18T21:25:34.342-06:00"}
{"context":"LegacyRouteConverter","level":"warn","message":"Unsupported route path: \"/api/*\". In previous versions, the symbols ?, *, and + were used to denote optional or repeating path parameters. The latest version of \"path-to-regexp\" now requires the use of named parameters. For example, instead of using a route like /users/* to capture all routes starting with \"/users\", you should use /users/*path. For more details, refer to the migration guide. Attempting to auto-convert...","timestamp":"2026-06-18T21:25:34.342-06:00"}
{"context":"RoutesResolver","level":"info","message":"AppController {/api}:","timestamp":"2026-06-18T21:25:34.342-06:00"}
{"context":"RouterExplorer","level":"info","message":"Mapped {/api, GET} route","timestamp":"2026-06-18T21:25:34.342-06:00"}
{"context":"RoutesResolver","level":"info","message":"AuthController {/api/auth}:","timestamp":"2026-06-18T21:25:34.342-06:00"}
{"context":"RouterExplorer","level":"info","message":"Mapped {/api/auth/register, POST} route","timestamp":"2026-06-18T21:25:34.342-06:00"}
{"context":"RouterExplorer","level":"info","message":"Mapped {/api/auth/login, POST} route","timestamp":"2026-06-18T21:25:34.342-06:00"}
{"context":"RoutesResolver","level":"info","message":"UsersController {/api/users}:","timestamp":"2026-06-18T21:25:34.342-06:00"}
{"context":"RouterExplorer","level":"info","message":"Mapped {/api/users/profile, GET} route","timestamp":"2026-06-18T21:25:34.342-06:00"}
{"context":"RouterExplorer","level":"info","message":"Mapped {/api/users/profile, PATCH} route","timestamp":"2026-06-18T21:25:34.342-06:00"}
{"context":"RouterExplorer","level":"info","message":"Mapped {/api/users, POST} route","timestamp":"2026-06-18T21:25:34.342-06:00"}
{"context":"RouterExplorer","level":"info","message":"Mapped {/api/users, GET} route","timestamp":"2026-06-18T21:25:34.342-06:00"}
{"context":"RouterExplorer","level":"info","message":"Mapped {/api/users/:id, GET} route","timestamp":"2026-06-18T21:25:34.342-06:00"}
{"context":"RouterExplorer","level":"info","message":"Mapped {/api/users/:id, PATCH} route","timestamp":"2026-06-18T21:25:34.342-06:00"}
{"context":"RouterExplorer","level":"info","message":"Mapped {/api/users/:id, DELETE} route","timestamp":"2026-06-18T21:25:34.342-06:00"}
{"context":"RoutesResolver","level":"info","message":"ProvidersProfileController {/api/providers}:","timestamp":"2026-06-18T21:25:34.342-06:00"}
{"context":"RouterExplorer","level":"info","message":"Mapped {/api/providers/profile, PATCH} route","timestamp":"2026-06-18T21:25:34.342-06:00"}
{"context":"RoutesResolver","level":"info","message":"ProviderAvailabilityController {/api/provider}:","timestamp":"2026-06-18T21:25:34.342-06:00"}
{"context":"RouterExplorer","level":"info","message":"Mapped {/api/provider/availability, PATCH} route","timestamp":"2026-06-18T21:25:34.342-06:00"}
{"context":"RoutesResolver","level":"info","message":"ServicesController {/api/services}:","timestamp":"2026-06-18T21:25:34.342-06:00"}
{"context":"RouterExplorer","level":"info","message":"Mapped {/api/services, POST} route","timestamp":"2026-06-18T21:25:34.342-06:00"}
{"context":"RouterExplorer","level":"info","message":"Mapped {/api/services, GET} route","timestamp":"2026-06-18T21:25:34.342-06:00"}
{"context":"RouterExplorer","level":"info","message":"Mapped {/api/services/:id, GET} route","timestamp":"2026-06-18T21:25:34.342-06:00"}
{"context":"RouterExplorer","level":"info","message":"Mapped {/api/services/:id, PATCH} route","timestamp":"2026-06-18T21:25:34.342-06:00"}
{"context":"RouterExplorer","level":"info","message":"Mapped {/api/services/:id, DELETE} route","timestamp":"2026-06-18T21:25:34.342-06:00"}
{"context":"RoutesResolver","level":"info","message":"CategoriesController {/api/categories}:","timestamp":"2026-06-18T21:25:34.342-06:00"}
{"context":"RouterExplorer","level":"info","message":"Mapped {/api/categories, GET} route","timestamp":"2026-06-18T21:25:34.342-06:00"}
{"context":"RoutesResolver","level":"info","message":"SolicitudesController {/api/solicitudes}:","timestamp":"2026-06-18T21:25:34.342-06:00"}
{"context":"RouterExplorer","level":"info","message":"Mapped {/api/solicitudes, POST} route","timestamp":"2026-06-18T21:25:34.342-06:00"}
{"context":"RouterExplorer","level":"info","message":"Mapped {/api/solicitudes, GET} route","timestamp":"2026-06-18T21:25:34.342-06:00"}
{"context":"RouterExplorer","level":"info","message":"Mapped {/api/solicitudes/:id, GET} route","timestamp":"2026-06-18T21:25:34.343-06:00"}
{"context":"RouterExplorer","level":"info","message":"Mapped {/api/solicitudes/:id, PATCH} route","timestamp":"2026-06-18T21:25:34.343-06:00"}
{"context":"RouterExplorer","level":"info","message":"Mapped {/api/solicitudes/:id, DELETE} route","timestamp":"2026-06-18T21:25:34.343-06:00"}
{"context":"RoutesResolver","level":"info","message":"RequestsController {/api/requests}:","timestamp":"2026-06-18T21:25:34.343-06:00"}
{"context":"RouterExplorer","level":"info","message":"Mapped {/api/requests, POST} route","timestamp":"2026-06-18T21:25:34.343-06:00"}
{"context":"RouterExplorer","level":"info","message":"Mapped {/api/requests/mine, GET} route","timestamp":"2026-06-18T21:25:34.343-06:00"}
{"context":"RouterExplorer","level":"info","message":"Mapped {/api/requests/:id, GET} route","timestamp":"2026-06-18T21:25:34.343-06:00"}
{"context":"RouterExplorer","level":"info","message":"Mapped {/api/requests/:id/cancel, PATCH} route","timestamp":"2026-06-18T21:25:34.343-06:00"}
{"context":"RouterExplorer","level":"info","message":"Mapped {/api/requests/:id/reschedule, PATCH} route","timestamp":"2026-06-18T21:25:34.343-06:00"}
{"context":"RouterExplorer","level":"info","message":"Mapped {/api/requests/:id/accept-date, PATCH} route","timestamp":"2026-06-18T21:25:34.343-06:00"}
{"context":"RoutesResolver","level":"info","message":"ProviderRequestsController {/api/provider}:","timestamp":"2026-06-18T21:25:34.343-06:00"}
{"context":"RouterExplorer","level":"info","message":"Mapped {/api/provider/requests, GET} route","timestamp":"2026-06-18T21:25:34.343-06:00"}
{"context":"RouterExplorer","level":"info","message":"Mapped {/api/provider/requests/:id/accept, PATCH} route","timestamp":"2026-06-18T21:25:34.343-06:00"}
{"context":"RouterExplorer","level":"info","message":"Mapped {/api/provider/requests/:id/reject, PATCH} route","timestamp":"2026-06-18T21:25:34.343-06:00"}
{"context":"RouterExplorer","level":"info","message":"Mapped {/api/provider/requests/:id/propose-date, PATCH} route","timestamp":"2026-06-18T21:25:34.343-06:00"}
{"context":"RouterExplorer","level":"info","message":"Mapped {/api/provider/jobs, GET} route","timestamp":"2026-06-18T21:25:34.343-06:00"}
{"context":"RouterExplorer","level":"info","message":"Mapped {/api/provider/jobs/:id/status, PATCH} route","timestamp":"2026-06-18T21:25:34.343-06:00"}
{"context":"RouterExplorer","level":"info","message":"Mapped {/api/provider/calendar, GET} route","timestamp":"2026-06-18T21:25:34.343-06:00"}
{"context":"RoutesResolver","level":"info","message":"NotificationsController {/api/notifications}:","timestamp":"2026-06-18T21:25:34.343-06:00"}
{"context":"RouterExplorer","level":"info","message":"Mapped {/api/notifications, POST} route","timestamp":"2026-06-18T21:25:34.343-06:00"}
{"context":"RouterExplorer","level":"info","message":"Mapped {/api/notifications, GET} route","timestamp":"2026-06-18T21:25:34.343-06:00"}
{"context":"RouterExplorer","level":"info","message":"Mapped {/api/notifications/:id, GET} route","timestamp":"2026-06-18T21:25:34.343-06:00"}
{"context":"RouterExplorer","level":"info","message":"Mapped {/api/notifications/:id, PATCH} route","timestamp":"2026-06-18T21:25:34.343-06:00"}
{"context":"RouterExplorer","level":"info","message":"Mapped {/api/notifications/:id, DELETE} route","timestamp":"2026-06-18T21:25:34.343-06:00"}
{"context":"RoutesResolver","level":"info","message":"ChatsController {/api/chats}:","timestamp":"2026-06-18T21:25:34.343-06:00"}
{"context":"RouterExplorer","level":"info","message":"Mapped {/api/chats, POST} route","timestamp":"2026-06-18T21:25:34.343-06:00"}
{"context":"RouterExplorer","level":"info","message":"Mapped {/api/chats, GET} route","timestamp":"2026-06-18T21:25:34.343-06:00"}
{"context":"RouterExplorer","level":"info","message":"Mapped {/api/chats/room/:roomId, GET} route","timestamp":"2026-06-18T21:25:34.343-06:00"}
{"context":"RouterExplorer","level":"info","message":"Mapped {/api/chats/:id, GET} route","timestamp":"2026-06-18T21:25:34.343-06:00"}
{"context":"RouterExplorer","level":"info","message":"Mapped {/api/chats/:id, PATCH} route","timestamp":"2026-06-18T21:25:34.343-06:00"}
{"context":"RouterExplorer","level":"info","message":"Mapped {/api/chats/:id, DELETE} route","timestamp":"2026-06-18T21:25:34.343-06:00"}
{"context":"RoutesResolver","level":"info","message":"ConversationsController {/api/conversations}:","timestamp":"2026-06-18T21:25:34.343-06:00"}
{"context":"RouterExplorer","level":"info","message":"Mapped {/api/conversations, GET} route","timestamp":"2026-06-18T21:25:34.343-06:00"}
{"context":"RouterExplorer","level":"info","message":"Mapped {/api/conversations/:id/messages, GET} route","timestamp":"2026-06-18T21:25:34.343-06:00"}
{"context":"RouterExplorer","level":"info","message":"Mapped {/api/conversations/:id/messages, POST} route","timestamp":"2026-06-18T21:25:34.343-06:00"}
{"context":"RouterExplorer","level":"info","message":"Mapped {/api/conversations/:id/read, PATCH} route","timestamp":"2026-06-18T21:25:34.343-06:00"}
{"context":"RoutesResolver","level":"info","message":"PagosController {/api/pagos}:","timestamp":"2026-06-18T21:25:34.343-06:00"}
{"context":"RouterExplorer","level":"info","message":"Mapped {/api/pagos, POST} route","timestamp":"2026-06-18T21:25:34.343-06:00"}
{"context":"RouterExplorer","level":"info","message":"Mapped {/api/pagos, GET} route","timestamp":"2026-06-18T21:25:34.344-06:00"}
{"context":"RouterExplorer","level":"info","message":"Mapped {/api/pagos/:id, GET} route","timestamp":"2026-06-18T21:25:34.344-06:00"}
{"context":"RouterExplorer","level":"info","message":"Mapped {/api/pagos/:id, PATCH} route","timestamp":"2026-06-18T21:25:34.344-06:00"}
{"context":"RouterExplorer","level":"info","message":"Mapped {/api/pagos/:id, DELETE} route","timestamp":"2026-06-18T21:25:34.344-06:00"}
{"context":"RoutesResolver","level":"info","message":"RequestPaymentsController {/api/requests}:","timestamp":"2026-06-18T21:25:34.344-06:00"}
{"context":"RouterExplorer","level":"info","message":"Mapped {/api/requests/:id/payment, GET} route","timestamp":"2026-06-18T21:25:34.344-06:00"}
{"context":"RouterExplorer","level":"info","message":"Mapped {/api/requests/:id/payment, POST} route","timestamp":"2026-06-18T21:25:34.344-06:00"}
{"context":"RouterExplorer","level":"info","message":"Mapped {/api/requests/:id/payment/confirm, PATCH} route","timestamp":"2026-06-18T21:25:34.344-06:00"}
{"context":"RoutesResolver","level":"info","message":"CalificacionesController {/api/calificaciones}:","timestamp":"2026-06-18T21:25:34.344-06:00"}
{"context":"RouterExplorer","level":"info","message":"Mapped {/api/calificaciones, POST} route","timestamp":"2026-06-18T21:25:34.344-06:00"}
{"context":"RouterExplorer","level":"info","message":"Mapped {/api/calificaciones, GET} route","timestamp":"2026-06-18T21:25:34.344-06:00"}
{"context":"RouterExplorer","level":"info","message":"Mapped {/api/calificaciones/:id, GET} route","timestamp":"2026-06-18T21:25:34.344-06:00"}
{"context":"RouterExplorer","level":"info","message":"Mapped {/api/calificaciones/:id, PATCH} route","timestamp":"2026-06-18T21:25:34.344-06:00"}
{"context":"RouterExplorer","level":"info","message":"Mapped {/api/calificaciones/:id, DELETE} route","timestamp":"2026-06-18T21:25:34.344-06:00"}
{"context":"RoutesResolver","level":"info","message":"RequestReviewsController {/api/requests}:","timestamp":"2026-06-18T21:25:34.344-06:00"}
{"context":"RouterExplorer","level":"info","message":"Mapped {/api/requests/:id/review, POST} route","timestamp":"2026-06-18T21:25:34.344-06:00"}
{"context":"RoutesResolver","level":"info","message":"ProviderPublicReviewsController {/api/providers}:","timestamp":"2026-06-18T21:25:34.344-06:00"}
{"context":"RouterExplorer","level":"info","message":"Mapped {/api/providers/:id/reviews, GET} route","timestamp":"2026-06-18T21:25:34.344-06:00"}
{"context":"RoutesResolver","level":"info","message":"ProviderReviewSummaryController {/api/provider}:","timestamp":"2026-06-18T21:25:34.344-06:00"}
{"context":"RouterExplorer","level":"info","message":"Mapped {/api/provider/reviews/summary, GET} route","timestamp":"2026-06-18T21:25:34.344-06:00"}
{"context":"RoutesResolver","level":"info","message":"LogsController {/api/logs}:","timestamp":"2026-06-18T21:25:34.344-06:00"}
{"context":"RouterExplorer","level":"info","message":"Mapped {/api/logs, POST} route","timestamp":"2026-06-18T21:25:34.344-06:00"}
{"context":"RouterExplorer","level":"info","message":"Mapped {/api/logs, GET} route","timestamp":"2026-06-18T21:25:34.344-06:00"}
{"context":"RouterExplorer","level":"info","message":"Mapped {/api/logs/:id, GET} route","timestamp":"2026-06-18T21:25:34.344-06:00"}
{"context":"RouterExplorer","level":"info","message":"Mapped {/api/logs/:id, DELETE} route","timestamp":"2026-06-18T21:25:34.344-06:00"}
{"context":"RoutesResolver","level":"info","message":"FavoritesController {/api/favorites}:","timestamp":"2026-06-18T21:25:34.344-06:00"}
{"context":"RouterExplorer","level":"info","message":"Mapped {/api/favorites, GET} route","timestamp":"2026-06-18T21:25:34.344-06:00"}
{"context":"RouterExplorer","level":"info","message":"Mapped {/api/favorites/:providerId, POST} route","timestamp":"2026-06-18T21:25:34.344-06:00"}
{"context":"RouterExplorer","level":"info","message":"Mapped {/api/favorites/:providerId, DELETE} route","timestamp":"2026-06-18T21:25:34.344-06:00"}
{"context":"RoutesResolver","level":"info","message":"DashboardController {/api/dashboard}:","timestamp":"2026-06-18T21:25:34.344-06:00"}
{"context":"RouterExplorer","level":"info","message":"Mapped {/api/dashboard/client, GET} route","timestamp":"2026-06-18T21:25:34.344-06:00"}
{"context":"RouterExplorer","level":"info","message":"Mapped {/api/dashboard/provider, GET} route","timestamp":"2026-06-18T21:25:34.344-06:00"}
{"context":"RoutesResolver","level":"info","message":"ProviderEarningsController {/api/provider}:","timestamp":"2026-06-18T21:25:34.344-06:00"}
{"context":"RouterExplorer","level":"info","message":"Mapped {/api/provider/earnings/summary, GET} route","timestamp":"2026-06-18T21:25:34.344-06:00"}
{"context":"RouterExplorer","level":"info","message":"Mapped {/api/provider/transactions, GET} route","timestamp":"2026-06-18T21:25:34.344-06:00"}
{"context":"RoutesResolver","level":"info","message":"AddressesController {/api/addresses}:","timestamp":"2026-06-18T21:25:34.344-06:00"}
{"context":"RouterExplorer","level":"info","message":"Mapped {/api/addresses, GET} route","timestamp":"2026-06-18T21:25:34.344-06:00"}
{"context":"RouterExplorer","level":"info","message":"Mapped {/api/addresses, POST} route","timestamp":"2026-06-18T21:25:34.344-06:00"}
{"context":"RouterExplorer","level":"info","message":"Mapped {/api/addresses/:id, PATCH} route","timestamp":"2026-06-18T21:25:34.345-06:00"}
{"context":"NestApplication","level":"info","message":"Nest application successfully started","timestamp":"2026-06-18T21:25:34.345-06:00"}
{"context":"Bootstrap","level":"info","message":"ChambaApp corriendo en puerto 3000","timestamp":"2026-06-18T21:25:34.345-06:00"}
{"context":"AuthService","correo":"cliente@test.com","level":"warn","message":"Login fallido: usuario no encontrado","timestamp":"2026-06-18T21:38:23.591-06:00"}
{"context":"AuthService","correo":"cliente@test.com","level":"warn","message":"Login fallido: usuario no encontrado","timestamp":"2026-06-18T21:44:57.121-06:00"}
{"context":"AuthService","correo":"cliente@test.com","level":"warn","message":"Login fallido: usuario no encontrado","timestamp":"2026-06-18T21:44:57.537-06:00"}
{"context":"AuthService","correo":"cliente@test.com","level":"warn","message":"Login fallido: usuario no encontrado","timestamp":"2026-06-18T21:44:58.377-06:00"}
{"context":"AuthService","correo":"cliente@test.com","level":"warn","message":"Login fallido: usuario no encontrado","timestamp":"2026-06-18T21:45:01.359-06:00"}
{"context":"AuthService","correo":"cliente@test.com","level":"warn","message":"Login fallido: usuario no encontrado","timestamp":"2026-06-18T21:45:01.545-06:00"}
{"context":"AuthService","correo":"cliente@test.com","level":"warn","message":"Login fallido: usuario no encontrado","timestamp":"2026-06-18T21:45:01.745-06:00"}
{"context":"AuthService","correo":"cliente@test.com","level":"warn","message":"Login fallido: usuario no encontrado","timestamp":"2026-06-18T21:45:01.923-06:00"}
{"context":"AuthService","correo":"cliente@test.com","level":"warn","message":"Login fallido: usuario no encontrado","timestamp":"2026-06-18T21:45:02.122-06:00"}
{"context":"AuthService","correo":"cliente@test.com","level":"warn","message":"Login fallido: usuario no encontrado","timestamp":"2026-06-18T21:45:02.304-06:00"}
{"context":"AuthService","correo":"cliente@test.com","level":"warn","message":"Login fallido: usuario no encontrado","timestamp":"2026-06-18T21:45:05.124-06:00"}
{"context":"AuthService","correo":"cliente@test.com","level":"warn","message":"Login fallido: usuario no encontrado","timestamp":"2026-06-18T21:45:05.286-06:00"}
{"context":"AuthService","correo":"cliente@test.com","level":"warn","message":"Login fallido: usuario no encontrado","timestamp":"2026-06-18T21:45:05.506-06:00"}
{"context":"AuthService","correo":"prestador@test.com","level":"warn","message":"Login fallido: usuario no encontrado","timestamp":"2026-06-18T21:45:05.691-06:00"}
{"context":"AuthService","correo":"prestador@test.com","level":"warn","message":"Login fallido: usuario no encontrado","timestamp":"2026-06-18T21:45:05.841-06:00"}
{"context":"AuthService","correo":"prestador@test.com","level":"warn","message":"Login fallido: usuario no encontrado","timestamp":"2026-06-18T21:45:06.027-06:00"}
{"context":"AuthService","correo":"cliente@test.com","level":"warn","message":"Login fallido: usuario no encontrado","timestamp":"2026-06-18T21:45:08.354-06:00"}
{"context":"AuthService","correo":"cliente@test.com","level":"warn","message":"Login fallido: usuario no encontrado","timestamp":"2026-06-18T21:45:08.530-06:00"}
{"context":"AuthService","correo":"cliente@test.com","level":"warn","message":"Login fallido: usuario no encontrado","timestamp":"2026-06-18T21:45:08.678-06:00"}
